<?xml version="1.0" encoding="UTF-8"?>
<!-- Generated by org.testng.reporters.JUnitReportReporter -->
<testsuite ignored="0" hostname="DESKTOP-A43DILH" failures="0" tests="3" name="com.TestNg.SimpleAnnotation" time="0.006" errors="0" timestamp="02 Nov 2021 14:09:29 GMT" skipped="0">
  <testcase classname="com.TestNg.SimpleAnnotation" name="amazon" time="0.003"/>
  <testcase classname="com.TestNg.SimpleAnnotation" name="filpkart" time="0.002"/>
  <testcase classname="com.TestNg.SimpleAnnotation" name="eBay" time="0.001"/>
</testsuite> <!-- com.TestNg.SimpleAnnotation -->
